This is pdfTeX, Version 3.14159265-2.6-1.40.21 (MiKTeX 2.9.7440 64-bit) (preloaded format=pdflatex 2020.6.6)  6 JUL 2020 16:42
entering extended mode
**./TPN6.tex
(TPN6.tex
LaTeX2e <2020-02-02> patch level 5
L3 programming layer <2020-06-03>
("C:\Users\JAVIER PC\AppData\Local\Programs\MiKTeX 2.9\tex/latex/examdesign\exa
mdesign.cls"
File: examdesign.dtx 

Document Class: examdesign 
\c@passes=\count167

("C:\Users\JAVIER PC\AppData\Local\Programs\MiKTeX 2.9\tex/latex/base\article.c
ls"
Document Class: article 2019/12/20 v1.4l Standard LaTeX document class

("C:\Users\JAVIER PC\AppData\Local\Programs\MiKTeX 2.9\tex/latex/base\size11.cl
o"
File: size11.clo 2019/12/20 v1.4l Standard LaTeX file (size option)
)
\c@part=\count168
\c@section=\count169
\c@subsection=\count170
\c@subsubsection=\count171
\c@paragraph=\count172
\c@subparagraph=\count173
\c@figure=\count174
\c@table=\count175
\abovecaptionskip=\skip47
\belowcaptionskip=\skip48
\bibindent=\dimen134
)
("C:\Users\JAVIER PC\AppData\Local\Programs\MiKTeX 2.9\tex/latex/tools\enumerat
e.sty"
Package: enumerate 2015/07/23 v3.00 enumerate extensions (DPC)
\@enLab=\toks15
)
("C:\Users\JAVIER PC\AppData\Local\Programs\MiKTeX 2.9\tex/latex/tools\multicol
.sty"
Package: multicol 2019/12/09 v1.8y multicolumn formatting (FMi)
\c@tracingmulticols=\count176
\mult@box=\box45
\multicol@leftmargin=\dimen135
\c@unbalance=\count177
\c@collectmore=\count178
\doublecol@number=\count179
\multicoltolerance=\count180
\multicolpretolerance=\count181
\full@width=\dimen136
\page@free=\dimen137
\premulticols=\dimen138
\postmulticols=\dimen139
\multicolsep=\skip49
\multicolbaselineskip=\skip50
\partial@page=\box46
\last@line=\box47
\maxbalancingoverflow=\dimen140
\mult@rightbox=\box48
\mult@grightbox=\box49
\mult@gfirstbox=\box50
\mult@firstbox=\box51
\@tempa=\box52
\@tempa=\box53
\@tempa=\box54
\@tempa=\box55
\@tempa=\box56
\@tempa=\box57
\@tempa=\box58
\@tempa=\box59
\@tempa=\box60
\@tempa=\box61
\@tempa=\box62
\@tempa=\box63
\@tempa=\box64
\@tempa=\box65
\@tempa=\box66
\@tempa=\box67
\@tempa=\box68
\@tempa=\box69
\@tempa=\box70
\@tempa=\box71
\@tempa=\box72
\@tempa=\box73
\@tempa=\box74
\@tempa=\box75
\@tempa=\box76
\@tempa=\box77
\@tempa=\box78
\@tempa=\box79
\@tempa=\box80
\@tempa=\box81
\@tempa=\box82
\@tempa=\box83
\@tempa=\box84
\@tempa=\box85
\@tempa=\box86
\@tempa=\box87
\@tempa=\box88
\c@minrows=\count182
\c@columnbadness=\count183
\c@finalcolumnbadness=\count184
\last@try=\dimen141
\multicolovershoot=\dimen142
\multicolundershoot=\dimen143
\mult@nat@firstbox=\box89
\colbreak@box=\box90
\mc@col@check@num=\count185
)
("C:\Users\JAVIER PC\AppData\Local\Programs\MiKTeX 2.9\tex/latex/graphics\keyva
l.sty"
Package: keyval 2014/10/28 v1.15 key=value parser (DPC)
\KV@toks@=\toks16
)
\randomi=\count186
\ranval=\count187
\UL@box=\box91
\UL@hyphenbox=\box92
\UL@skip=\skip51
\UL@pe=\count188
\UL@pixel=\dimen144
\ULC@box=\box93
\ULdepth=\dimen145
\c@questionnumber=\count189
\c@extract=\count190
\c@question=\count191
\c@length=\count192
\c@temp=\count193
\c@wordtemp=\count194
\c@form=\count195
\c@version=\count196
\c@current@section=\count197
\c@current@question=\count198
\c@innerloop=\count199
\c@sect=\count266
\c@sectionindex=\count267
\c@answer=\count268
\c@choice=\count269
\c@mcquestion=\count270
\c@mcchoice=\count271
\c@savelistcnt=\count272
\blank@length=\skip52
\temp@length=\skip53
\temp@@length=\skip54
\namedata@vspace=\skip55
\beforesectsep=\skip56
\aftersectsep=\skip57
\beforeinstsep=\skip58
\afterinstsep=\skip59
\temptoks=\toks17
\temp@toks=\toks18
\exam@c=\count273
\exam@n=\count274
\exam@m=\count275
 Randomizer initialized to 1175124161.
\@toklist=\toks19
\c@first=\count276
\c@last=\count277
\c@exam@tf=\count278
)
("C:\Users\JAVIER PC\AppData\Local\Programs\MiKTeX 2.9\tex/generic/babel\babel.
sty"
Package: babel 2020/05/13 3.44 The Babel package

("C:\Users\JAVIER PC\AppData\Local\Programs\MiKTeX 2.9\tex/generic/babel\babel.
def"
File: babel.def 2020/05/13 3.44 Babel common definitions
\babel@savecnt=\count279
\U@D=\dimen146
\l@babelnohyphens=\language84

("C:\Users\JAVIER PC\AppData\Local\Programs\MiKTeX 2.9\tex/generic/babel\txtbab
el.def")
\bbl@readstream=\read2
)
\bbl@dirlevel=\count280

*************************************
* Local config file bblopts.cfg used
*

("C:\Users\JAVIER PC\AppData\Local\Programs\MiKTeX 2.9\tex/latex/arabi\bblopts.
cfg"
File: bblopts.cfg 2005/09/08 v0.1 add Arabic and Farsi to "declared" options of
 babel
)
("C:\Users\JAVIER PC\AppData\Local\Programs\MiKTeX 2.9\tex/latex/babel-spanish\
spanish.ldf"
Language: spanish.ldf 2016/03/03 v5.0p Spanish support from the babel system
\es@quottoks=\toks20
\es@quotdepth=\count281
Package babel Info: Making " an active character on input line 561.
Package babel Info: Making . an active character on input line 662.
Package babel Info: Making < an active character on input line 707.
Package babel Info: Making > an active character on input line 707.
))
("C:\Users\JAVIER PC\AppData\Local\Programs\MiKTeX 2.9\tex/latex/base\inputenc.
sty"
Package: inputenc 2018/08/11 v1.3c Input encoding file
\inpenc@prehook=\toks21
\inpenc@posthook=\toks22
)
("C:\Users\JAVIER PC\AppData\Local\Programs\MiKTeX 2.9\tex/latex/base\fontenc.s
ty"
Package: fontenc 2020/02/11 v2.0o Standard LaTeX package
)
("C:\Users\JAVIER PC\AppData\Local\Programs\MiKTeX 2.9\tex/latex/amsmath\amsmat
h.sty"
Package: amsmath 2020/01/20 v2.17e AMS math features
\@mathmargin=\skip60

For additional information on amsmath, use the `?' option.

("C:\Users\JAVIER PC\AppData\Local\Programs\MiKTeX 2.9\tex/latex/amsmath\amstex
t.sty"
Package: amstext 2000/06/29 v2.01 AMS text

("C:\Users\JAVIER PC\AppData\Local\Programs\MiKTeX 2.9\tex/latex/amsmath\amsgen
.sty"
File: amsgen.sty 1999/11/30 v2.0 generic functions
\@emptytoks=\toks23
\ex@=\dimen147
))
("C:\Users\JAVIER PC\AppData\Local\Programs\MiKTeX 2.9\tex/latex/amsmath\amsbsy
.sty"
Package: amsbsy 1999/11/29 v1.2d Bold Symbols
\pmbraise@=\dimen148
)
("C:\Users\JAVIER PC\AppData\Local\Programs\MiKTeX 2.9\tex/latex/amsmath\amsopn
.sty"
Package: amsopn 2016/03/08 v2.02 operator names
)
\inf@bad=\count282
LaTeX Info: Redefining \frac on input line 227.
\uproot@=\count283
\leftroot@=\count284
LaTeX Info: Redefining \overline on input line 389.
\classnum@=\count285
\DOTSCASE@=\count286
LaTeX Info: Redefining \ldots on input line 486.
LaTeX Info: Redefining \dots on input line 489.
LaTeX Info: Redefining \cdots on input line 610.
\Mathstrutbox@=\box94
\strutbox@=\box95
\big@size=\dimen149
LaTeX Font Info:    Redeclaring font encoding OML on input line 733.
LaTeX Font Info:    Redeclaring font encoding OMS on input line 734.
\macc@depth=\count287
\c@MaxMatrixCols=\count288
\dotsspace@=\muskip16
\c@parentequation=\count289
\dspbrk@lvl=\count290
\tag@help=\toks24
\row@=\count291
\column@=\count292
\maxfields@=\count293
\andhelp@=\toks25
\eqnshift@=\dimen150
\alignsep@=\dimen151
\tagshift@=\dimen152
\tagwidth@=\dimen153
\totwidth@=\dimen154
\lineht@=\dimen155
\@envbody=\toks26
\multlinegap=\skip61
\multlinetaggap=\skip62
\mathdisplay@stack=\toks27
LaTeX Info: Redefining \[ on input line 2859.
LaTeX Info: Redefining \] on input line 2860.
)
("C:\Users\JAVIER PC\AppData\Local\Programs\MiKTeX 2.9\tex/latex/psnfss\pifont.
sty"
Package: pifont 2020/03/25 PSNFSS-v9.3 Pi font support (SPQR) 
LaTeX Font Info:    Trying to load font information for U+pzd on input line 63.


("C:\Users\JAVIER PC\AppData\Local\Programs\MiKTeX 2.9\tex/latex/psnfss\upzd.fd
"
File: upzd.fd 2001/06/04 font definitions for U/pzd.
)
LaTeX Font Info:    Trying to load font information for U+psy on input line 64.


("C:\Users\JAVIER PC\AppData\Local\Programs\MiKTeX 2.9\tex/latex/psnfss\upsy.fd
"
File: upsy.fd 2001/06/04 font definitions for U/psy.
))
("C:\Users\JAVIER PC\AppData\Local\Programs\MiKTeX 2.9\tex/latex/graphics\graph
icx.sty"
Package: graphicx 2019/11/30 v1.2a Enhanced LaTeX Graphics (DPC,SPQR)

("C:\Users\JAVIER PC\AppData\Local\Programs\MiKTeX 2.9\tex/latex/graphics\graph
ics.sty"
Package: graphics 2019/11/30 v1.4a Standard LaTeX Graphics (DPC,SPQR)

("C:\Users\JAVIER PC\AppData\Local\Programs\MiKTeX 2.9\tex/latex/graphics\trig.
sty"
Package: trig 2016/01/03 v1.10 sin cos tan (DPC)
)
("C:\Users\JAVIER PC\AppData\Local\Programs\MiKTeX 2.9\tex/latex/graphics-cfg\g
raphics.cfg"
File: graphics.cfg 2016/06/04 v1.11 sample graphics configuration
)
Package graphics Info: Driver file: pdftex.def on input line 105.

("C:\Users\JAVIER PC\AppData\Local\Programs\MiKTeX 2.9\tex/latex/graphics-def\p
dftex.def"
File: pdftex.def 2018/01/08 v1.0l Graphics/color driver for pdftex
))
\Gin@req@height=\dimen156
\Gin@req@width=\dimen157
)
("C:\Users\JAVIER PC\AppData\Local\Programs\MiKTeX 2.9\tex/latex/float\float.st
y"
Package: float 2001/11/08 v1.3d Float enhancements (AL)
\c@float@type=\count294
\float@exts=\toks28
\float@box=\box96
\@float@everytoks=\toks29
\@floatcapt=\box97
)
("C:\Users\JAVIER PC\AppData\Local\Programs\MiKTeX 2.9\tex/latex/amsmath\amscd.
sty"
Package: amscd 2017/04/14 v2.1 AMS Commutative Diagrams
\athelp@=\toks30
\minaw@=\dimen158
\bigaw@=\dimen159
\minCDarrowwidth=\dimen160
)
("C:\Users\JAVIER PC\AppData\Local\Programs\MiKTeX 2.9\tex/latex/amsfonts\amsfo
nts.sty"
Package: amsfonts 2013/01/14 v3.01 Basic AMSFonts support
\symAMSa=\mathgroup4
\symAMSb=\mathgroup5
LaTeX Font Info:    Redeclaring math symbol \hbar on input line 98.
LaTeX Font Info:    Overwriting math alphabet `\mathfrak' in version `bold'
(Font)                  U/euf/m/n --> U/euf/b/n on input line 106.
)
("C:\Users\JAVIER PC\AppData\Local\Programs\MiKTeX 2.9\tex/latex/amsfonts\amssy
mb.sty"
Package: amssymb 2013/01/14 v3.01 AMS font symbols
)
("C:\Users\JAVIER PC\AppData\Local\Programs\MiKTeX 2.9\tex/latex/mathtools\math
tools.sty"
Package: mathtools 2020/03/24 v1.24 mathematical typesetting tools

("C:\Users\JAVIER PC\AppData\Local\Programs\MiKTeX 2.9\tex/latex/tools\calc.sty
"
Package: calc 2017/05/25 v4.3 Infix arithmetic (KKT,FJ)
\calc@Acount=\count295
\calc@Bcount=\count296
\calc@Adimen=\dimen161
\calc@Bdimen=\dimen162
\calc@Askip=\skip63
\calc@Bskip=\skip64
LaTeX Info: Redefining \setlength on input line 80.
LaTeX Info: Redefining \addtolength on input line 81.
\calc@Ccount=\count297
\calc@Cskip=\skip65
)
("C:\Users\JAVIER PC\AppData\Local\Programs\MiKTeX 2.9\tex/latex/mathtools\mhse
tup.sty"
Package: mhsetup 2017/03/31 v1.3 programming setup (MH)
)
LaTeX Info: Thecontrolsequence`\('isalreadyrobust on input line 130.
LaTeX Info: Thecontrolsequence`\)'isalreadyrobust on input line 130.
LaTeX Info: Thecontrolsequence`\['isalreadyrobust on input line 130.
LaTeX Info: Thecontrolsequence`\]'isalreadyrobust on input line 130.
\g_MT_multlinerow_int=\count298
\l_MT_multwidth_dim=\dimen163
\origjot=\skip66
\l_MT_shortvdotswithinadjustabove_dim=\dimen164
\l_MT_shortvdotswithinadjustbelow_dim=\dimen165
\l_MT_above_intertext_sep=\dimen166
\l_MT_below_intertext_sep=\dimen167
\l_MT_above_shortintertext_sep=\dimen168
\l_MT_below_shortintertext_sep=\dimen169
\xmathstrut@box=\box98
\xmathstrut@dim=\dimen170
)
("C:\Users\JAVIER PC\AppData\Local\Programs\MiKTeX 2.9\tex/latex/amscls\amsthm.
sty"
Package: amsthm 2020/05/29 v2.20.6
\thm@style=\toks31
\thm@bodyfont=\toks32
\thm@headfont=\toks33
\thm@notefont=\toks34
\thm@headpunct=\toks35
\thm@preskip=\skip67
\thm@postskip=\skip68
\thm@headsep=\skip69
\dth@everypar=\toks36
)
("C:\Users\JAVIER PC\AppData\Local\Programs\MiKTeX 2.9\tex/generic/xypic\xy.sty
"
("C:\Users\JAVIER PC\AppData\Local\Programs\MiKTeX 2.9\tex/generic/xypic\xy.tex
" Bootstrap'ing: catcodes, docmode,
("C:\Users\JAVIER PC\AppData\Local\Programs\MiKTeX 2.9\tex/generic/xypic\xyreca
t.tex")
("C:\Users\JAVIER PC\AppData\Local\Programs\MiKTeX 2.9\tex/generic/xypic\xyidio
ms.tex")

 Xy-pic version 3.8.9 <2013/10/06>
 Copyright (c) 1991-2013 by Kristoffer H. Rose <krisrose@tug.org> and others
 Xy-pic is free software: see the User's Guide for details.

Loading kernel: messages; fonts; allocations: state,
\X@c=\dimen171
\Y@c=\dimen172
\U@c=\dimen173
\D@c=\dimen174
\L@c=\dimen175
\R@c=\dimen176
\Edge@c=\toks37
\X@p=\dimen177
\Y@p=\dimen178
\U@p=\dimen179
\D@p=\dimen180
\L@p=\dimen181
\R@p=\dimen182
\Edge@p=\toks38
\X@origin=\dimen183
\Y@origin=\dimen184
\X@xbase=\dimen185
\Y@xbase=\dimen186
\X@ybase=\dimen187
\Y@ybase=\dimen188
\X@min=\dimen189
\Y@min=\dimen190
\X@max=\dimen191
\Y@max=\dimen192
\lastobjectbox@=\box99
\zerodotbox@=\box100
\almostz@=\dimen193
 direction,
\d@X=\dimen194
\d@Y=\dimen195
\K@=\count299
\KK@=\count300
\Direction=\count301
\K@dXdY=\dimen196
\K@dYdX=\dimen197
\xyread@=\read3
\xywrite@=\write3
\csp@=\count302
\quotPTK@=\dimen198

utility macros; pictures: \xy, positions,
\swaptoks@@=\toks39
\connectobjectbox@@=\box101
 objects,
\styletoks@=\toks40
 decorations;
kernel objects: directionals, circles, text; options; algorithms: directions,
edges, connections;  Xy-pic loaded)
("C:\Users\JAVIER PC\AppData\Local\Programs\MiKTeX 2.9\tex/generic/iftex\ifpdf.
sty"
Package: ifpdf 2019/10/25 v3.4 ifpdf legacy package. Use iftex instead.

("C:\Users\JAVIER PC\AppData\Local\Programs\MiKTeX 2.9\tex/generic/iftex\iftex.
sty"
Package: iftex 2020/03/06 v1.0d TeX engine tests
))
Package: xy 2013/10/06 Xy-pic version 3.8.9

("C:\Users\JAVIER PC\AppData\Local\Programs\MiKTeX 2.9\tex/generic/xypic\xyall.
tex"  Xy-pic option: All features v.3.8
("C:\Users\JAVIER PC\AppData\Local\Programs\MiKTeX 2.9\tex/generic/xypic\xycurv
e.tex"  Xy-pic option: Curve and Spline extension v.3.12 curve,
\crv@cnt@=\count303
\crvpts@=\toks41
\splinebox@=\box102
\splineval@=\dimen199
\splinedepth@=\dimen256
\splinetol@=\dimen257
\splinelength@=\dimen258
 circles,
\L@=\dimen259

loaded)
("C:\Users\JAVIER PC\AppData\Local\Programs\MiKTeX 2.9\tex/generic/xypic\xyfram
e.tex"  Xy-pic option: Frame and Bracket extension v.3.14 loaded)
("C:\Users\JAVIER PC\AppData\Local\Programs\MiKTeX 2.9\tex/generic/xypic\xycmti
p.tex"  Xy-pic option: Computer Modern tip extension v.3.7
("C:\Users\JAVIER PC\AppData\Local\Programs\MiKTeX 2.9\tex/generic/xypic\xytips
.tex"  Xy-pic option: More Tips extension v.3.11 loaded) loaded)
("C:\Users\JAVIER PC\AppData\Local\Programs\MiKTeX 2.9\tex/generic/xypic\xyline
.tex"  Xy-pic option: Line styles extension v.3.10
\xylinethick@=\dimen260
 loaded)
("C:\Users\JAVIER PC\AppData\Local\Programs\MiKTeX 2.9\tex/generic/xypic\xyrota
te.tex"  Xy-pic option: Rotate and Scale extension v.3.8 loaded)
("C:\Users\JAVIER PC\AppData\Local\Programs\MiKTeX 2.9\tex/generic/xypic\xycolo
r.tex"  Xy-pic option: Colour extension v.3.11 loaded)
("C:\Users\JAVIER PC\AppData\Local\Programs\MiKTeX 2.9\tex/generic/xypic\xymatr
ix.tex"  Xy-pic option: Matrix feature v.3.14
\Row=\count304
\Col=\count305
\queue@=\toks42
\queue@@=\toks43
\qcount@=\count306
\qcount@@=\count307
\matrixsize@=\count308
 loaded)
("C:\Users\JAVIER PC\AppData\Local\Programs\MiKTeX 2.9\tex/generic/xypic\xyarro
w.tex"  Xy-pic option: Arrow and Path feature v.3.9 path, \ar, loaded)
("C:\Users\JAVIER PC\AppData\Local\Programs\MiKTeX 2.9\tex/generic/xypic\xygrap
h.tex"  Xy-pic option: Graph feature v.3.11 loaded) loaded)
("C:\Users\JAVIER PC\AppData\Local\Programs\MiKTeX 2.9\tex/generic/xypic\xypdf.
tex"  Xy-pic option: PDF driver v.1.7
Xy-pic pdf driver: `color' extension support
("C:\Users\JAVIER PC\AppData\Local\Programs\MiKTeX 2.9\tex/generic/xypic\xypdf-
co.tex" loaded) Xy-pic pdf driver: `curve' extension support
("C:\Users\JAVIER PC\AppData\Local\Programs\MiKTeX 2.9\tex/generic/xypic\xypdf-
cu.tex" loaded) Xy-pic pdf driver: `frame' extension support
("C:\Users\JAVIER PC\AppData\Local\Programs\MiKTeX 2.9\tex/generic/xypic\xypdf-
fr.tex" loaded) Xy-pic pdf driver: `line' extension support
("C:\Users\JAVIER PC\AppData\Local\Programs\MiKTeX 2.9\tex/generic/xypic\xypdf-
li.tex" loaded) Xy-pic pdf driver: `rotate' extension support
("C:\Users\JAVIER PC\AppData\Local\Programs\MiKTeX 2.9\tex/generic/xypic\xypdf-
ro.tex" loaded) loaded))
("C:\Users\JAVIER PC\AppData\Local\Programs\MiKTeX 2.9\tex/latex/enumitem\enumi
tem.sty"
Package: enumitem 2019/06/20 v3.9 Customized lists
\labelindent=\skip70
\enit@outerparindent=\dimen261
\enit@toks=\toks44
\enit@inbox=\box103
\enit@count@id=\count309
\enitdp@description=\count310
)
("C:\Users\JAVIER PC\AppData\Local\Programs\MiKTeX 2.9\tex/latex/multirow\multi
row.sty"
Package: multirow 2019/05/31 v2.5 Span multiple rows of a table
\multirow@colwidth=\skip71
\multirow@cntb=\count311
\multirow@dima=\skip72
\bigstrutjot=\dimen262
)
("C:\Users\JAVIER PC\AppData\Local\Programs\MiKTeX 2.9\tex/latex/tools\verbatim
.sty"
Package: verbatim 2019/11/10 v1.5r LaTeX2e package for verbatim enhancements
\every@verbatim=\toks45
\verbatim@line=\toks46
\verbatim@in@stream=\read4
)
("C:\Users\JAVIER PC\AppData\Local\Programs\MiKTeX 2.9\tex/latex/hyperref\hyper
ref.sty"
Package: hyperref 2020-05-15 v7.00e Hypertext links for LaTeX

("C:\Users\JAVIER PC\AppData\Local\Programs\MiKTeX 2.9\tex/generic/ltxcmds\ltxc
mds.sty"
Package: ltxcmds 2019/12/15 v1.24 LaTeX kernel commands for general use (HO)
)
("C:\Users\JAVIER PC\AppData\Local\Programs\MiKTeX 2.9\tex/latex/pdftexcmds\pdf
texcmds.sty"
Package: pdftexcmds 2019/11/24 v0.31 Utility functions of pdfTeX for LuaTeX (HO
)

("C:\Users\JAVIER PC\AppData\Local\Programs\MiKTeX 2.9\tex/generic/infwarerr\in
fwarerr.sty"
Package: infwarerr 2019/12/03 v1.5 Providing info/warning/error messages (HO)
)
Package pdftexcmds Info: \pdf@primitive is available.
Package pdftexcmds Info: \pdf@ifprimitive is available.
Package pdftexcmds Info: \pdfdraftmode found.
)
("C:\Users\JAVIER PC\AppData\Local\Programs\MiKTeX 2.9\tex/generic/kvsetkeys\kv
setkeys.sty"
Package: kvsetkeys 2019/12/15 v1.18 Key value parser (HO)
)
("C:\Users\JAVIER PC\AppData\Local\Programs\MiKTeX 2.9\tex/generic/kvdefinekeys
\kvdefinekeys.sty"
Package: kvdefinekeys 2019-12-19 v1.6 Define keys (HO)
)
("C:\Users\JAVIER PC\AppData\Local\Programs\MiKTeX 2.9\tex/generic/pdfescape\pd
fescape.sty"
Package: pdfescape 2019/12/09 v1.15 Implements pdfTeX's escape features (HO)
)
("C:\Users\JAVIER PC\AppData\Local\Programs\MiKTeX 2.9\tex/latex/hycolor\hycolo
r.sty"
Package: hycolor 2020-01-27 v1.10 Color options for hyperref/bookmark (HO)
)
("C:\Users\JAVIER PC\AppData\Local\Programs\MiKTeX 2.9\tex/latex/letltxmacro\le
tltxmacro.sty"
Package: letltxmacro 2019/12/03 v1.6 Let assignment for LaTeX macros (HO)
)
("C:\Users\JAVIER PC\AppData\Local\Programs\MiKTeX 2.9\tex/latex/auxhook\auxhoo
k.sty"
Package: auxhook 2019-12-17 v1.6 Hooks for auxiliary files (HO)
)
("C:\Users\JAVIER PC\AppData\Local\Programs\MiKTeX 2.9\tex/latex/kvoptions\kvop
tions.sty"
Package: kvoptions 2019/11/29 v3.13 Key value format for package options (HO)
)
\@linkdim=\dimen263
\Hy@linkcounter=\count312
\Hy@pagecounter=\count313

("C:\Users\JAVIER PC\AppData\Local\Programs\MiKTeX 2.9\tex/latex/hyperref\pd1en
c.def"
File: pd1enc.def 2020-05-15 v7.00e Hyperref: PDFDocEncoding definition (HO)
Now handling font encoding PD1 ...
... no UTF-8 mapping file for font encoding PD1
)
("C:\Users\JAVIER PC\AppData\Local\Programs\MiKTeX 2.9\tex/generic/intcalc\intc
alc.sty"
Package: intcalc 2019/12/15 v1.3 Expandable calculations with integers (HO)
)
("C:\Users\JAVIER PC\AppData\Local\Programs\MiKTeX 2.9\tex/generic/etexcmds\ete
xcmds.sty"
Package: etexcmds 2019/12/15 v1.7 Avoid name clashes with e-TeX commands (HO)
)
\Hy@SavedSpaceFactor=\count314
Package hyperref Info: Option `colorlinks' set `true' on input line 4338.
Package hyperref Info: Option `breaklinks' set `true' on input line 4338.
Package hyperref Info: Option `bookmarksopen' set `true' on input line 4338.
Package hyperref Info: Hyper figures OFF on input line 4464.
Package hyperref Info: Link nesting OFF on input line 4469.
Package hyperref Info: Hyper index ON on input line 4472.
Package hyperref Info: Plain pages OFF on input line 4479.
Package hyperref Info: Backreferencing OFF on input line 4484.
Package hyperref Info: Implicit mode ON; LaTeX internals redefined.
Package hyperref Info: Bookmarks ON on input line 4717.
\c@Hy@tempcnt=\count315

("C:\Users\JAVIER PC\AppData\Local\Programs\MiKTeX 2.9\tex/latex/url\url.sty"
\Urlmuskip=\muskip17
Package: url 2013/09/16  ver 3.4  Verb mode for urls, etc.
)
LaTeX Info: Redefining \url on input line 5076.
\XeTeXLinkMargin=\dimen264

("C:\Users\JAVIER PC\AppData\Local\Programs\MiKTeX 2.9\tex/generic/bitset\bitse
t.sty"
Package: bitset 2019/12/09 v1.3 Handle bit-vector datatype (HO)

("C:\Users\JAVIER PC\AppData\Local\Programs\MiKTeX 2.9\tex/generic/bigintcalc\b
igintcalc.sty"
Package: bigintcalc 2019/12/15 v1.5 Expandable calculations on big integers (HO
)
))
\Fld@menulength=\count316
\Field@Width=\dimen265
\Fld@charsize=\dimen266
Package hyperref Info: Hyper figures OFF on input line 6347.
Package hyperref Info: Link nesting OFF on input line 6352.
Package hyperref Info: Hyper index ON on input line 6355.
Package hyperref Info: backreferencing OFF on input line 6362.
Package hyperref Info: Link coloring ON on input line 6365.
Package hyperref Info: Link coloring with OCG OFF on input line 6372.
Package hyperref Info: PDF/A mode OFF on input line 6377.
LaTeX Info: Redefining \ref on input line 6417.
LaTeX Info: Redefining \pageref on input line 6421.

("C:\Users\JAVIER PC\AppData\Local\Programs\MiKTeX 2.9\tex/generic/atbegshi\atb
egshi.sty"
Package: atbegshi 2019/12/05 v1.19 At begin shipout hook (HO)
)
\Hy@abspage=\count317
\c@Item=\count318
\c@Hfootnote=\count319
)
Package hyperref Info: Driver (autodetected): hpdftex.

("C:\Users\JAVIER PC\AppData\Local\Programs\MiKTeX 2.9\tex/latex/hyperref\hpdft
ex.def"
File: hpdftex.def 2020-05-15 v7.00e Hyperref driver for pdfTeX

("C:\Users\JAVIER PC\AppData\Local\Programs\MiKTeX 2.9\tex/latex/atveryend\atve
ryend.sty"
Package: atveryend 2019-12-11 v1.11 Hooks at the very end of document (HO)
Package atveryend Info: \enddocument detected (standard20110627).
)
\Fld@listcount=\count320
\c@bookmark@seq@number=\count321

("C:\Users\JAVIER PC\AppData\Local\Programs\MiKTeX 2.9\tex/latex/rerunfilecheck
\rerunfilecheck.sty"
Package: rerunfilecheck 2019/12/05 v1.9 Rerun checks for auxiliary files (HO)

("C:\Users\JAVIER PC\AppData\Local\Programs\MiKTeX 2.9\tex/generic/uniquecounte
r\uniquecounter.sty"
Package: uniquecounter 2019/12/15 v1.4 Provide unlimited unique counter (HO)
)
Package uniquecounter Info: New unique counter `rerunfilecheck' on input line 2
86.
)
\Hy@SectionHShift=\skip73
)
("C:\Users\JAVIER PC\AppData\Local\Programs\MiKTeX 2.9\tex/latex/xcolor\xcolor.
sty"
Package: xcolor 2016/05/11 v2.12 LaTeX color extensions (UK)

("C:\Users\JAVIER PC\AppData\Local\Programs\MiKTeX 2.9\tex/latex/graphics-cfg\c
olor.cfg"
File: color.cfg 2016/01/02 v1.6 sample color configuration
)
Package xcolor Info: Driver file: pdftex.def on input line 225.
Package xcolor Info: Model `cmy' substituted by `cmy0' on input line 1348.
Package xcolor Info: Model `hsb' substituted by `rgb' on input line 1352.
Package xcolor Info: Model `RGB' extended on input line 1364.
Package xcolor Info: Model `HTML' substituted by `rgb' on input line 1366.
Package xcolor Info: Model `Hsb' substituted by `hsb' on input line 1367.
Package xcolor Info: Model `tHsb' substituted by `hsb' on input line 1368.
Package xcolor Info: Model `HSB' substituted by `hsb' on input line 1369.
Package xcolor Info: Model `Gray' substituted by `gray' on input line 1370.
Package xcolor Info: Model `wave' substituted by `hsb' on input line 1371.

("C:\Users\JAVIER PC\AppData\Local\Programs\MiKTeX 2.9\tex/latex/graphics\dvips
nam.def"
File: dvipsnam.def 2016/06/17 v3.0m Driver-dependent file (DPC,SPQR)
))
\c@theorem=\count322
\c@step=\count323

("C:\Users\JAVIER PC\AppData\Local\Programs\MiKTeX 2.9\tex/latex/caption\captio
n.sty"
Package: caption 2020/05/10 v3.4j Customizing captions (AR)

("C:\Users\JAVIER PC\AppData\Local\Programs\MiKTeX 2.9\tex/latex/caption\captio
n3.sty"
Package: caption3 2020/05/10 v1.11 caption3 kernel (AR)
Package caption3 Info: TeX engine: e-TeX on input line 61.
\captionmargin=\dimen267
\captionmargin@=\dimen268
\captionwidth=\dimen269
\caption@tempdima=\dimen270
\caption@indent=\dimen271
\caption@parindent=\dimen272
\caption@hangindent=\dimen273
Package caption Info: Standard document class detected.
)
\c@caption@flags=\count324
\c@continuedfloat=\count325
Package caption Info: float package is loaded.
Package caption Info: hyperref package is loaded.
)
("C:\Users\JAVIER PC\AppData\Local\Programs\MiKTeX 2.9\tex/latex/base\makeidx.s
ty"
Package: makeidx 2014/09/29 v1.0m Standard LaTeX package
)
("C:\Users\JAVIER PC\AppData\Local\Programs\MiKTeX 2.9\tex/latex/pgf/frontendla
yer\tikz.sty"
("C:\Users\JAVIER PC\AppData\Local\Programs\MiKTeX 2.9\tex/latex/pgf/basiclayer
\pgf.sty"
("C:\Users\JAVIER PC\AppData\Local\Programs\MiKTeX 2.9\tex/latex/pgf/utilities\
pgfrcs.sty"
("C:\Users\JAVIER PC\AppData\Local\Programs\MiKTeX 2.9\tex/generic/pgf/utilitie
s\pgfutil-common.tex"
\pgfutil@everybye=\toks47
\pgfutil@tempdima=\dimen274
\pgfutil@tempdimb=\dimen275

("C:\Users\JAVIER PC\AppData\Local\Programs\MiKTeX 2.9\tex/generic/pgf/utilitie
s\pgfutil-common-lists.tex"))
("C:\Users\JAVIER PC\AppData\Local\Programs\MiKTeX 2.9\tex/generic/pgf/utilitie
s\pgfutil-latex.def"
\pgfutil@abb=\box104

("C:\Users\JAVIER PC\AppData\Local\Programs\MiKTeX 2.9\tex/latex/ms\everyshi.st
y"
Package: everyshi 2001/05/15 v3.00 EveryShipout Package (MS)
))
("C:\Users\JAVIER PC\AppData\Local\Programs\MiKTeX 2.9\tex/generic/pgf/utilitie
s\pgfrcs.code.tex"
("C:\Users\JAVIER PC\AppData\Local\Programs\MiKTeX 2.9\tex/generic/pgf\pgf.revi
sion.tex")
Package: pgfrcs 2020/01/08 v3.1.5b (3.1.5b)
))
Package: pgf 2020/01/08 v3.1.5b (3.1.5b)

("C:\Users\JAVIER PC\AppData\Local\Programs\MiKTeX 2.9\tex/latex/pgf/basiclayer
\pgfcore.sty"
("C:\Users\JAVIER PC\AppData\Local\Programs\MiKTeX 2.9\tex/latex/pgf/systemlaye
r\pgfsys.sty"
("C:\Users\JAVIER PC\AppData\Local\Programs\MiKTeX 2.9\tex/generic/pgf/systemla
yer\pgfsys.code.tex"
Package: pgfsys 2020/01/08 v3.1.5b (3.1.5b)

("C:\Users\JAVIER PC\AppData\Local\Programs\MiKTeX 2.9\tex/generic/pgf/utilitie
s\pgfkeys.code.tex"
\pgfkeys@pathtoks=\toks48
\pgfkeys@temptoks=\toks49

("C:\Users\JAVIER PC\AppData\Local\Programs\MiKTeX 2.9\tex/generic/pgf/utilitie
s\pgfkeysfiltered.code.tex"
\pgfkeys@tmptoks=\toks50
))
\pgf@x=\dimen276
\pgf@y=\dimen277
\pgf@xa=\dimen278
\pgf@ya=\dimen279
\pgf@xb=\dimen280
\pgf@yb=\dimen281
\pgf@xc=\dimen282
\pgf@yc=\dimen283
\pgf@xd=\dimen284
\pgf@yd=\dimen285
\w@pgf@writea=\write4
\r@pgf@reada=\read5
\c@pgf@counta=\count326
\c@pgf@countb=\count327
\c@pgf@countc=\count328
\c@pgf@countd=\count329
\t@pgf@toka=\toks51
\t@pgf@tokb=\toks52
\t@pgf@tokc=\toks53
\pgf@sys@id@count=\count330

("C:\Users\JAVIER PC\AppData\Local\Programs\MiKTeX 2.9\tex/generic/pgf/systemla
yer\pgf.cfg"
File: pgf.cfg 2020/01/08 v3.1.5b (3.1.5b)
)
Driver file for pgf: pgfsys-pdftex.def

("C:\Users\JAVIER PC\AppData\Local\Programs\MiKTeX 2.9\tex/generic/pgf/systemla
yer\pgfsys-pdftex.def"
File: pgfsys-pdftex.def 2020/01/08 v3.1.5b (3.1.5b)

("C:\Users\JAVIER PC\AppData\Local\Programs\MiKTeX 2.9\tex/generic/pgf/systemla
yer\pgfsys-common-pdf.def"
File: pgfsys-common-pdf.def 2020/01/08 v3.1.5b (3.1.5b)
)))
("C:\Users\JAVIER PC\AppData\Local\Programs\MiKTeX 2.9\tex/generic/pgf/systemla
yer\pgfsyssoftpath.code.tex"
File: pgfsyssoftpath.code.tex 2020/01/08 v3.1.5b (3.1.5b)
\pgfsyssoftpath@smallbuffer@items=\count331
\pgfsyssoftpath@bigbuffer@items=\count332
)
("C:\Users\JAVIER PC\AppData\Local\Programs\MiKTeX 2.9\tex/generic/pgf/systemla
yer\pgfsysprotocol.code.tex"
File: pgfsysprotocol.code.tex 2020/01/08 v3.1.5b (3.1.5b)
))
("C:\Users\JAVIER PC\AppData\Local\Programs\MiKTeX 2.9\tex/generic/pgf/basiclay
er\pgfcore.code.tex"
Package: pgfcore 2020/01/08 v3.1.5b (3.1.5b)

("C:\Users\JAVIER PC\AppData\Local\Programs\MiKTeX 2.9\tex/generic/pgf/math\pgf
math.code.tex"
("C:\Users\JAVIER PC\AppData\Local\Programs\MiKTeX 2.9\tex/generic/pgf/math\pgf
mathcalc.code.tex"
("C:\Users\JAVIER PC\AppData\Local\Programs\MiKTeX 2.9\tex/generic/pgf/math\pgf
mathutil.code.tex")
("C:\Users\JAVIER PC\AppData\Local\Programs\MiKTeX 2.9\tex/generic/pgf/math\pgf
mathparser.code.tex"
\pgfmath@dimen=\dimen286
\pgfmath@count=\count333
\pgfmath@box=\box105
\pgfmath@toks=\toks54
\pgfmath@stack@operand=\toks55
\pgfmath@stack@operation=\toks56
)
("C:\Users\JAVIER PC\AppData\Local\Programs\MiKTeX 2.9\tex/generic/pgf/math\pgf
mathfunctions.code.tex"
("C:\Users\JAVIER PC\AppData\Local\Programs\MiKTeX 2.9\tex/generic/pgf/math\pgf
mathfunctions.basic.code.tex")
("C:\Users\JAVIER PC\AppData\Local\Programs\MiKTeX 2.9\tex/generic/pgf/math\pgf
mathfunctions.trigonometric.code.tex")
("C:\Users\JAVIER PC\AppData\Local\Programs\MiKTeX 2.9\tex/generic/pgf/math\pgf
mathfunctions.random.code.tex")
("C:\Users\JAVIER PC\AppData\Local\Programs\MiKTeX 2.9\tex/generic/pgf/math\pgf
mathfunctions.comparison.code.tex")
("C:\Users\JAVIER PC\AppData\Local\Programs\MiKTeX 2.9\tex/generic/pgf/math\pgf
mathfunctions.base.code.tex")
("C:\Users\JAVIER PC\AppData\Local\Programs\MiKTeX 2.9\tex/generic/pgf/math\pgf
mathfunctions.round.code.tex")
("C:\Users\JAVIER PC\AppData\Local\Programs\MiKTeX 2.9\tex/generic/pgf/math\pgf
mathfunctions.misc.code.tex")
("C:\Users\JAVIER PC\AppData\Local\Programs\MiKTeX 2.9\tex/generic/pgf/math\pgf
mathfunctions.integerarithmetics.code.tex")))
("C:\Users\JAVIER PC\AppData\Local\Programs\MiKTeX 2.9\tex/generic/pgf/math\pgf
mathfloat.code.tex"
\c@pgfmathroundto@lastzeros=\count334
))
("C:\Users\JAVIER PC\AppData\Local\Programs\MiKTeX 2.9\tex/generic/pgf/math\pgf
int.code.tex")
("C:\Users\JAVIER PC\AppData\Local\Programs\MiKTeX 2.9\tex/generic/pgf/basiclay
er\pgfcorepoints.code.tex"
File: pgfcorepoints.code.tex 2020/01/08 v3.1.5b (3.1.5b)
\pgf@picminx=\dimen287
\pgf@picmaxx=\dimen288
\pgf@picminy=\dimen289
\pgf@picmaxy=\dimen290
\pgf@pathminx=\dimen291
\pgf@pathmaxx=\dimen292
\pgf@pathminy=\dimen293
\pgf@pathmaxy=\dimen294
\pgf@xx=\dimen295
\pgf@xy=\dimen296
\pgf@yx=\dimen297
\pgf@yy=\dimen298
\pgf@zx=\dimen299
\pgf@zy=\dimen300
)
("C:\Users\JAVIER PC\AppData\Local\Programs\MiKTeX 2.9\tex/generic/pgf/basiclay
er\pgfcorepathconstruct.code.tex"
File: pgfcorepathconstruct.code.tex 2020/01/08 v3.1.5b (3.1.5b)
\pgf@path@lastx=\dimen301
\pgf@path@lasty=\dimen302
)
("C:\Users\JAVIER PC\AppData\Local\Programs\MiKTeX 2.9\tex/generic/pgf/basiclay
er\pgfcorepathusage.code.tex"
File: pgfcorepathusage.code.tex 2020/01/08 v3.1.5b (3.1.5b)
\pgf@shorten@end@additional=\dimen303
\pgf@shorten@start@additional=\dimen304
)
("C:\Users\JAVIER PC\AppData\Local\Programs\MiKTeX 2.9\tex/generic/pgf/basiclay
er\pgfcorescopes.code.tex"
File: pgfcorescopes.code.tex 2020/01/08 v3.1.5b (3.1.5b)
\pgfpic=\box106
\pgf@hbox=\box107
\pgf@layerbox@main=\box108
\pgf@picture@serial@count=\count335
)
("C:\Users\JAVIER PC\AppData\Local\Programs\MiKTeX 2.9\tex/generic/pgf/basiclay
er\pgfcoregraphicstate.code.tex"
File: pgfcoregraphicstate.code.tex 2020/01/08 v3.1.5b (3.1.5b)
\pgflinewidth=\dimen305
)
("C:\Users\JAVIER PC\AppData\Local\Programs\MiKTeX 2.9\tex/generic/pgf/basiclay
er\pgfcoretransformations.code.tex"
File: pgfcoretransformations.code.tex 2020/01/08 v3.1.5b (3.1.5b)
\pgf@pt@x=\dimen306
\pgf@pt@y=\dimen307
\pgf@pt@temp=\dimen308
)
("C:\Users\JAVIER PC\AppData\Local\Programs\MiKTeX 2.9\tex/generic/pgf/basiclay
er\pgfcorequick.code.tex"
File: pgfcorequick.code.tex 2020/01/08 v3.1.5b (3.1.5b)
)
("C:\Users\JAVIER PC\AppData\Local\Programs\MiKTeX 2.9\tex/generic/pgf/basiclay
er\pgfcoreobjects.code.tex"
File: pgfcoreobjects.code.tex 2020/01/08 v3.1.5b (3.1.5b)
)
("C:\Users\JAVIER PC\AppData\Local\Programs\MiKTeX 2.9\tex/generic/pgf/basiclay
er\pgfcorepathprocessing.code.tex"
File: pgfcorepathprocessing.code.tex 2020/01/08 v3.1.5b (3.1.5b)
)
("C:\Users\JAVIER PC\AppData\Local\Programs\MiKTeX 2.9\tex/generic/pgf/basiclay
er\pgfcorearrows.code.tex"
File: pgfcorearrows.code.tex 2020/01/08 v3.1.5b (3.1.5b)
\pgfarrowsep=\dimen309
)
("C:\Users\JAVIER PC\AppData\Local\Programs\MiKTeX 2.9\tex/generic/pgf/basiclay
er\pgfcoreshade.code.tex"
File: pgfcoreshade.code.tex 2020/01/08 v3.1.5b (3.1.5b)
\pgf@max=\dimen310
\pgf@sys@shading@range@num=\count336
\pgf@shadingcount=\count337
)
("C:\Users\JAVIER PC\AppData\Local\Programs\MiKTeX 2.9\tex/generic/pgf/basiclay
er\pgfcoreimage.code.tex"
File: pgfcoreimage.code.tex 2020/01/08 v3.1.5b (3.1.5b)

("C:\Users\JAVIER PC\AppData\Local\Programs\MiKTeX 2.9\tex/generic/pgf/basiclay
er\pgfcoreexternal.code.tex"
File: pgfcoreexternal.code.tex 2020/01/08 v3.1.5b (3.1.5b)
\pgfexternal@startupbox=\box109
))
("C:\Users\JAVIER PC\AppData\Local\Programs\MiKTeX 2.9\tex/generic/pgf/basiclay
er\pgfcorelayers.code.tex"
File: pgfcorelayers.code.tex 2020/01/08 v3.1.5b (3.1.5b)
)
("C:\Users\JAVIER PC\AppData\Local\Programs\MiKTeX 2.9\tex/generic/pgf/basiclay
er\pgfcoretransparency.code.tex"
File: pgfcoretransparency.code.tex 2020/01/08 v3.1.5b (3.1.5b)
)
("C:\Users\JAVIER PC\AppData\Local\Programs\MiKTeX 2.9\tex/generic/pgf/basiclay
er\pgfcorepatterns.code.tex"
File: pgfcorepatterns.code.tex 2020/01/08 v3.1.5b (3.1.5b)
)
("C:\Users\JAVIER PC\AppData\Local\Programs\MiKTeX 2.9\tex/generic/pgf/basiclay
er\pgfcorerdf.code.tex"
File: pgfcorerdf.code.tex 2020/01/08 v3.1.5b (3.1.5b)
)))
("C:\Users\JAVIER PC\AppData\Local\Programs\MiKTeX 2.9\tex/generic/pgf/modules\
pgfmoduleshapes.code.tex"
File: pgfmoduleshapes.code.tex 2020/01/08 v3.1.5b (3.1.5b)
\pgfnodeparttextbox=\box110
)
("C:\Users\JAVIER PC\AppData\Local\Programs\MiKTeX 2.9\tex/generic/pgf/modules\
pgfmoduleplot.code.tex"
File: pgfmoduleplot.code.tex 2020/01/08 v3.1.5b (3.1.5b)
)
("C:\Users\JAVIER PC\AppData\Local\Programs\MiKTeX 2.9\tex/latex/pgf/compatibil
ity\pgfcomp-version-0-65.sty"
Package: pgfcomp-version-0-65 2020/01/08 v3.1.5b (3.1.5b)
\pgf@nodesepstart=\dimen311
\pgf@nodesepend=\dimen312
)
("C:\Users\JAVIER PC\AppData\Local\Programs\MiKTeX 2.9\tex/latex/pgf/compatibil
ity\pgfcomp-version-1-18.sty"
Package: pgfcomp-version-1-18 2020/01/08 v3.1.5b (3.1.5b)
))
("C:\Users\JAVIER PC\AppData\Local\Programs\MiKTeX 2.9\tex/latex/pgf/utilities\
pgffor.sty"
("C:\Users\JAVIER PC\AppData\Local\Programs\MiKTeX 2.9\tex/latex/pgf/utilities\
pgfkeys.sty"
("C:\Users\JAVIER PC\AppData\Local\Programs\MiKTeX 2.9\tex/generic/pgf/utilitie
s\pgfkeys.code.tex"))
("C:\Users\JAVIER PC\AppData\Local\Programs\MiKTeX 2.9\tex/latex/pgf/math\pgfma
th.sty"
("C:\Users\JAVIER PC\AppData\Local\Programs\MiKTeX 2.9\tex/generic/pgf/math\pgf
math.code.tex"))
("C:\Users\JAVIER PC\AppData\Local\Programs\MiKTeX 2.9\tex/generic/pgf/utilitie
s\pgffor.code.tex"
Package: pgffor 2020/01/08 v3.1.5b (3.1.5b)

("C:\Users\JAVIER PC\AppData\Local\Programs\MiKTeX 2.9\tex/generic/pgf/math\pgf
math.code.tex")
\pgffor@iter=\dimen313
\pgffor@skip=\dimen314
\pgffor@stack=\toks57
\pgffor@toks=\toks58
))
("C:\Users\JAVIER PC\AppData\Local\Programs\MiKTeX 2.9\tex/generic/pgf/frontend
layer/tikz\tikz.code.tex"
Package: tikz 2020/01/08 v3.1.5b (3.1.5b)

("C:\Users\JAVIER PC\AppData\Local\Programs\MiKTeX 2.9\tex/generic/pgf/librarie
s\pgflibraryplothandlers.code.tex"
File: pgflibraryplothandlers.code.tex 2020/01/08 v3.1.5b (3.1.5b)
\pgf@plot@mark@count=\count338
\pgfplotmarksize=\dimen315
)
\tikz@lastx=\dimen316
\tikz@lasty=\dimen317
\tikz@lastxsaved=\dimen318
\tikz@lastysaved=\dimen319
\tikz@lastmovetox=\dimen320
\tikz@lastmovetoy=\dimen321
\tikzleveldistance=\dimen322
\tikzsiblingdistance=\dimen323
\tikz@figbox=\box111
\tikz@figbox@bg=\box112
\tikz@tempbox=\box113
\tikz@tempbox@bg=\box114
\tikztreelevel=\count339
\tikznumberofchildren=\count340
\tikznumberofcurrentchild=\count341
\tikz@fig@count=\count342

("C:\Users\JAVIER PC\AppData\Local\Programs\MiKTeX 2.9\tex/generic/pgf/modules\
pgfmodulematrix.code.tex"
File: pgfmodulematrix.code.tex 2020/01/08 v3.1.5b (3.1.5b)
\pgfmatrixcurrentrow=\count343
\pgfmatrixcurrentcolumn=\count344
\pgf@matrix@numberofcolumns=\count345
)
\tikz@expandcount=\count346

("C:\Users\JAVIER PC\AppData\Local\Programs\MiKTeX 2.9\tex/generic/pgf/frontend
layer/tikz/libraries\tikzlibrarytopaths.code.tex"
File: tikzlibrarytopaths.code.tex 2020/01/08 v3.1.5b (3.1.5b)
)))
("C:\Users\JAVIER PC\AppData\Local\Programs\MiKTeX 2.9\tex/latex/tkz-tab\tkz-ta
b.sty"
Package: tkz-tab 2020/04/29 v2.12c variations (ctan version)

("C:\Users\JAVIER PC\AppData\Local\Programs\MiKTeX 2.9\tex/latex/base\ifthen.st
y"
Package: ifthen 2014/09/29 v1.1c Standard LaTeX ifthen package (DPC)
)
("C:\Users\JAVIER PC\AppData\Local\Programs\MiKTeX 2.9\tex/latex/xkeyval\xkeyva
l.sty"
Package: xkeyval 2014/12/03 v2.7a package option processing (HA)

("C:\Users\JAVIER PC\AppData\Local\Programs\MiKTeX 2.9\tex/generic/xkeyval\xkey
val.tex"
("C:\Users\JAVIER PC\AppData\Local\Programs\MiKTeX 2.9\tex/generic/xkeyval\xkvu
tils.tex"
\XKV@toks=\toks59
\XKV@tempa@toks=\toks60
)
\XKV@depth=\count347
File: xkeyval.tex 2014/12/03 v2.7a key=value parser (HA)
))
("C:\Users\JAVIER PC\AppData\Local\Programs\MiKTeX 2.9\tex/generic/pgf/frontend
layer/tikz/libraries\tikzlibraryarrows.code.tex"
File: tikzlibraryarrows.code.tex 2020/01/08 v3.1.5b (3.1.5b)

("C:\Users\JAVIER PC\AppData\Local\Programs\MiKTeX 2.9\tex/generic/pgf/librarie
s\pgflibraryarrows.code.tex"
File: pgflibraryarrows.code.tex 2020/01/08 v3.1.5b (3.1.5b)
\arrowsize=\dimen324
))
("C:\Users\JAVIER PC\AppData\Local\Programs\MiKTeX 2.9\tex/generic/pgf/frontend
layer/tikz/libraries\tikzlibrarypatterns.code.tex"
File: tikzlibrarypatterns.code.tex 2020/01/08 v3.1.5b (3.1.5b)

("C:\Users\JAVIER PC\AppData\Local\Programs\MiKTeX 2.9\tex/generic/pgf/librarie
s\pgflibrarypatterns.code.tex"
File: pgflibrarypatterns.code.tex 2020/01/08 v3.1.5b (3.1.5b)
))
\tkz@XF=\dimen325
\tkz@YF=\dimen326
\c@tkz@cnt@line=\count348
\c@tkz@cnt@lg=\count349
\c@tkz@cnt@cl=\count350
\c@tkz@cnt@pred=\count351
\c@tkz@cnt@temp=\count352
\c@tkz@cnt@arrow=\count353
\c@tkz@cnt@zone=\count354
\c@tkz@cnt@lgnext=\count355
\c@tkz@cnt@clnext=\count356
\c@tkz@cnt@pair=\count357
\c@tkz@cnt@impair=\count358
\c@tkz@cnt@aw=\count359
)
("C:\Users\JAVIER PC\AppData\Local\Programs\MiKTeX 2.9\tex/generic/pgf/frontend
layer/tikz/libraries\tikzlibrarymatrix.code.tex"
File: tikzlibrarymatrix.code.tex 2020/01/08 v3.1.5b (3.1.5b)
)
("C:\Users\JAVIER PC\AppData\Local\Programs\MiKTeX 2.9\tex/generic/pgf/frontend
layer/tikz/libraries\tikzlibrarypositioning.code.tex"
File: tikzlibrarypositioning.code.tex 2020/01/08 v3.1.5b (3.1.5b)
)
("C:\Users\JAVIER PC\AppData\Local\Programs\MiKTeX 2.9\tex/generic/pgf/frontend
layer/tikz/libraries\tikzlibraryshadows.code.tex"
File: tikzlibraryshadows.code.tex 2020/01/08 v3.1.5b (3.1.5b)

("C:\Users\JAVIER PC\AppData\Local\Programs\MiKTeX 2.9\tex/generic/pgf/frontend
layer/tikz/libraries\tikzlibraryfadings.code.tex"
File: tikzlibraryfadings.code.tex 2020/01/08 v3.1.5b (3.1.5b)

("C:\Users\JAVIER PC\AppData\Local\Programs\MiKTeX 2.9\tex/generic/pgf/librarie
s\pgflibraryfadings.code.tex"
File: pgflibraryfadings.code.tex 2020/01/08 v3.1.5b (3.1.5b)
)))
("C:\Users\JAVIER PC\AppData\Local\Programs\MiKTeX 2.9\tex/generic/pgf/frontend
layer/tikz/libraries\tikzlibraryshadings.code.tex"
File: tikzlibraryshadings.code.tex 2020/01/08 v3.1.5b (3.1.5b)

("C:\Users\JAVIER PC\AppData\Local\Programs\MiKTeX 2.9\tex/generic/pgf/librarie
s\pgflibraryshadings.code.tex"
File: pgflibraryshadings.code.tex 2020/01/08 v3.1.5b (3.1.5b)
))
("C:\Users\JAVIER PC\AppData\Local\Programs\MiKTeX 2.9\tex/generic/pgf/frontend
layer/tikz/libraries\tikzlibrarybackgrounds.code.tex"
File: tikzlibrarybackgrounds.code.tex 2020/01/08 v3.1.5b (3.1.5b)
\pgf@layerbox@background=\box115
\pgf@layerboxsaved@background=\box116
)
("C:\Users\JAVIER PC\AppData\Local\Programs\MiKTeX 2.9\tex/generic/pgf/frontend
layer/tikz/libraries\tikzlibrarycalc.code.tex"
File: tikzlibrarycalc.code.tex 2020/01/08 v3.1.5b (3.1.5b)
)
("C:\Users\JAVIER PC\AppData\Local\Programs\MiKTeX 2.9\tex/generic/pgf/frontend
layer/tikz/libraries\tikzlibraryshapes.code.tex"
File: tikzlibraryshapes.code.tex 2020/01/08 v3.1.5b (3.1.5b)

("C:\Users\JAVIER PC\AppData\Local\Programs\MiKTeX 2.9\tex/generic/pgf/frontend
layer/tikz/libraries\tikzlibraryshapes.geometric.code.tex"
File: tikzlibraryshapes.geometric.code.tex 2020/01/08 v3.1.5b (3.1.5b)

("C:\Users\JAVIER PC\AppData\Local\Programs\MiKTeX 2.9\tex/generic/pgf/librarie
s/shapes\pgflibraryshapes.geometric.code.tex"
File: pgflibraryshapes.geometric.code.tex 2020/01/08 v3.1.5b (3.1.5b)
))
("C:\Users\JAVIER PC\AppData\Local\Programs\MiKTeX 2.9\tex/generic/pgf/frontend
layer/tikz/libraries\tikzlibraryshapes.misc.code.tex"
File: tikzlibraryshapes.misc.code.tex 2020/01/08 v3.1.5b (3.1.5b)

("C:\Users\JAVIER PC\AppData\Local\Programs\MiKTeX 2.9\tex/generic/pgf/librarie
s/shapes\pgflibraryshapes.misc.code.tex"
File: pgflibraryshapes.misc.code.tex 2020/01/08 v3.1.5b (3.1.5b)
))
("C:\Users\JAVIER PC\AppData\Local\Programs\MiKTeX 2.9\tex/generic/pgf/frontend
layer/tikz/libraries\tikzlibraryshapes.symbols.code.tex"
File: tikzlibraryshapes.symbols.code.tex 2020/01/08 v3.1.5b (3.1.5b)

("C:\Users\JAVIER PC\AppData\Local\Programs\MiKTeX 2.9\tex/generic/pgf/librarie
s/shapes\pgflibraryshapes.symbols.code.tex"
File: pgflibraryshapes.symbols.code.tex 2020/01/08 v3.1.5b (3.1.5b)
))
("C:\Users\JAVIER PC\AppData\Local\Programs\MiKTeX 2.9\tex/generic/pgf/frontend
layer/tikz/libraries\tikzlibraryshapes.arrows.code.tex"
File: tikzlibraryshapes.arrows.code.tex 2020/01/08 v3.1.5b (3.1.5b)

("C:\Users\JAVIER PC\AppData\Local\Programs\MiKTeX 2.9\tex/generic/pgf/librarie
s/shapes\pgflibraryshapes.arrows.code.tex"
File: pgflibraryshapes.arrows.code.tex 2020/01/08 v3.1.5b (3.1.5b)
))
("C:\Users\JAVIER PC\AppData\Local\Programs\MiKTeX 2.9\tex/generic/pgf/frontend
layer/tikz/libraries\tikzlibraryshapes.callouts.code.tex"
("C:\Users\JAVIER PC\AppData\Local\Programs\MiKTeX 2.9\tex/generic/pgf/librarie
s/shapes\pgflibraryshapes.callouts.code.tex"))
("C:\Users\JAVIER PC\AppData\Local\Programs\MiKTeX 2.9\tex/generic/pgf/frontend
layer/tikz/libraries\tikzlibraryshapes.multipart.code.tex"
File: tikzlibraryshapes.multipart.code.tex 2020/01/08 v3.1.5b (3.1.5b)

("C:\Users\JAVIER PC\AppData\Local\Programs\MiKTeX 2.9\tex/generic/pgf/librarie
s/shapes\pgflibraryshapes.multipart.code.tex"
File: pgflibraryshapes.multipart.code.tex 2020/01/08 v3.1.5b (3.1.5b)
\pgfnodepartlowerbox=\box117
\pgfnodeparttwobox=\box118
\pgfnodepartthreebox=\box119
\pgfnodepartfourbox=\box120
\pgfnodeparttwentybox=\box121
\pgfnodepartnineteenbox=\box122
\pgfnodeparteighteenbox=\box123
\pgfnodepartseventeenbox=\box124
\pgfnodepartsixteenbox=\box125
\pgfnodepartfifteenbox=\box126
\pgfnodepartfourteenbox=\box127
\pgfnodepartthirteenbox=\box128
\pgfnodeparttwelvebox=\box129
\pgfnodepartelevenbox=\box130
\pgfnodeparttenbox=\box131
\pgfnodepartninebox=\box132
\pgfnodeparteightbox=\box133
\pgfnodepartsevenbox=\box134
\pgfnodepartsixbox=\box135
\pgfnodepartfivebox=\box136
)))
("C:\Users\JAVIER PC\AppData\Local\Programs\MiKTeX 2.9\tex/latex/tikzmark\tikzl
ibrarytikzmark.code.tex"
("C:\Users\JAVIER PC\AppData\Local\Programs\MiKTeX 2.9\tex/latex/l3kernel\expl3
.sty"
Package: expl3 2020-06-03 L3 programming layer (loader) 

("C:\Users\JAVIER PC\AppData\Local\Programs\MiKTeX 2.9\tex/latex/l3backend\l3ba
ckend-pdfmode.def"
File: l3backend-pdfmode.def 2020-06-03 L3 backend support: PDF mode
\l__kernel_color_stack_int=\count360
\l__pdf_internal_box=\box137
))
("C:\Users\JAVIER PC\AppData\Local\Programs\MiKTeX 2.9\tex/latex/l3packages/l3k
eys2e\l3keys2e.sty"
Package: l3keys2e 2020-05-15 LaTeX2e option processing using LaTeX3 keys
)
("C:\Users\JAVIER PC\AppData\Local\Programs\MiKTeX 2.9\tex/latex/l3packages/xpa
rse\xparse.sty"
Package: xparse 2020-05-15 L3 Experimental document command parser

("C:\Users\JAVIER PC\AppData\Local\Programs\MiKTeX 2.9\tex/latex/l3packages/xpa
rse\xparse-generic.tex"
\l__xparse_current_arg_int=\count361
\g__xparse_grabber_int=\count362
\l__xparse_m_args_int=\count363
\l__xparse_v_nesting_int=\count364
))
\l__sn_x_dim=\dimen327
\l__sn_y_dim=\dimen328
\l__sn_xa_dim=\dimen329
\l__sn_ya_dim=\dimen330
)
("C:\Users\JAVIER PC\AppData\Local\Programs\MiKTeX 2.9\tex/latex/tcolorbox\tcol
orbox.sty"
Package: tcolorbox 2020/04/28 version 4.30 text color boxes

("C:\Users\JAVIER PC\AppData\Local\Programs\MiKTeX 2.9\tex/latex/environ\enviro
n.sty"
Package: environ 2014/05/04 v0.3 A new way to define environments

("C:\Users\JAVIER PC\AppData\Local\Programs\MiKTeX 2.9\tex/latex/trimspaces\tri
mspaces.sty"
Package: trimspaces 2009/09/17 v1.1 Trim spaces around a token list
))
("C:\Users\JAVIER PC\AppData\Local\Programs\MiKTeX 2.9\tex/latex/etoolbox\etool
box.sty"
Package: etoolbox 2019/09/21 v2.5h e-TeX tools for LaTeX (JAW)
\etb@tempcnta=\count365
)
\tcb@titlebox=\box138
\tcb@upperbox=\box139
\tcb@lowerbox=\box140
\tcb@phantombox=\box141
\c@tcbbreakpart=\count366
\c@tcblayer=\count367
\c@tcolorbox@number=\count368
\tcb@temp=\box142
\tcb@temp=\box143
\tcb@temp=\box144
\tcb@temp=\box145
\tcb@out=\write5
\tcb@record@out=\write6
)
("C:\Users\JAVIER PC\AppData\Local\Programs\MiKTeX 2.9\tex/latex/mathtools\emph
eq.sty"
Package: empheq 2017/03/31 v2.15 Emphasizing equations
\l_EQ_equationtype_int=\count369
\l_EQ_alignmentmode_int=\count370
\l_EQ_totalwidth_dim=\dimen331
\l_EQ_displaywidth_dim=\dimen332
\l_EQ_temp_linewidth_dim=\dimen333
\l_EQ_linewidth_dim=\dimen334
\EmphEqdelimitershortfall=\dimen335
\EmphEqdelimiterfactor=\count371
\g_EQ_toptag_height_dim=\dimen336
\g_EQ_bottomtag_depth_dim=\dimen337
\g_EQ_toprow_height_dim=\dimen338
\g_EQ_bottomrow_depth_dim=\dimen339
\g_EQ_widesttag_dim=\dimen340
\EQ_mathdisplay_box=\box146
\EQ_tag_box=\box147
\g_EQ_temprow_int=\count372
)
("C:\Users\JAVIER PC\AppData\Local\Programs\MiKTeX 2.9\tex/latex/tcolorbox\tcbs
kins.code.tex"
Library (tcolorbox): 'tcbskins.code.tex' version '4.30'
\tcb@waterbox=\box148

("C:\Users\JAVIER PC\AppData\Local\Programs\MiKTeX 2.9\tex/latex/tcolorbox\tcbs
kinsjigsaw.code.tex"
Library (tcolorbox): 'tcbskinsjigsaw.code.tex' version '4.30'
))
("C:\Users\JAVIER PC\AppData\Local\Programs\MiKTeX 2.9\tex/latex/tcolorbox\tcbb
reakable.code.tex"
Library (tcolorbox): 'tcbbreakable.code.tex' version '4.30'
\tcb@testbox=\box149
\tcb@totalupperbox=\box150
\tcb@totallowerbox=\box151
)
("C:\Users\JAVIER PC\AppData\Local\Programs\MiKTeX 2.9\tex/latex/tcolorbox\tcbl
istings.code.tex"
Library (tcolorbox): 'tcblistings.code.tex' version '4.30'

("C:\Users\JAVIER PC\AppData\Local\Programs\MiKTeX 2.9\tex/latex/listings\listi
ngs.sty"
\lst@mode=\count373
\lst@gtempboxa=\box152
\lst@token=\toks61
\lst@length=\count374
\lst@currlwidth=\dimen341
\lst@column=\count375
\lst@pos=\count376
\lst@lostspace=\dimen342
\lst@width=\dimen343
\lst@newlines=\count377
\lst@lineno=\count378
\lst@maxwidth=\dimen344

("C:\Users\JAVIER PC\AppData\Local\Programs\MiKTeX 2.9\tex/latex/listings\lstmi
sc.sty"
File: lstmisc.sty 2020/03/24 1.8d (Carsten Heinz)
\c@lstnumber=\count379
\lst@skipnumbers=\count380
\lst@framebox=\box153
)
("C:\Users\JAVIER PC\AppData\Local\Programs\MiKTeX 2.9\tex/latex/listings\listi
ngs.cfg"
File: listings.cfg 2020/03/24 1.8d listings configuration
))
Package: listings 2020/03/24 1.8d (Carsten Heinz)

("C:\Users\JAVIER PC\AppData\Local\Programs\MiKTeX 2.9\tex/latex/tcolorbox\tcbl
istingscore.code.tex"
Library (tcolorbox): 'tcblistingscore.code.tex' version '4.30'

("C:\Users\JAVIER PC\AppData\Local\Programs\MiKTeX 2.9\tex/latex/tcolorbox\tcbp
rocessing.code.tex"
Library (tcolorbox): 'tcbprocessing.code.tex' version '4.30'

("C:\Users\JAVIER PC\AppData\Local\Programs\MiKTeX 2.9\tex/latex/tools\shellesc
.sty"
Package: shellesc 2019/11/08 v1.0c unified shell escape interface for LaTeX
Package shellesc Info: Restricted shell escape enabled on input line 77.
))
\c@tcblisting=\count381
))
("C:\Users\JAVIER PC\AppData\Local\Programs\MiKTeX 2.9\tex/latex/tcolorbox\tcbt
heorems.code.tex"
Library (tcolorbox): 'tcbtheorems.code.tex' version '4.30'
) (TPN6.aux
LaTeX Info: Redefining \. on input line 24.
LaTeX Info: Redefining \% on input line 24.
)
\openout1 = `TPN6.aux'.

LaTeX Font Info:    Checking defaults for OML/cmm/m/it on input line 130.
LaTeX Font Info:    ... okay on input line 130.
LaTeX Font Info:    Checking defaults for OMS/cmsy/m/n on input line 130.
LaTeX Font Info:    ... okay on input line 130.
LaTeX Font Info:    Checking defaults for OT1/cmr/m/n on input line 130.
LaTeX Font Info:    ... okay on input line 130.
LaTeX Font Info:    Checking defaults for T1/cmr/m/n on input line 130.
LaTeX Font Info:    ... okay on input line 130.
LaTeX Font Info:    Checking defaults for TS1/cmr/m/n on input line 130.
LaTeX Font Info:    ... okay on input line 130.
LaTeX Font Info:    Checking defaults for OMX/cmex/m/n on input line 130.
LaTeX Font Info:    ... okay on input line 130.
LaTeX Font Info:    Checking defaults for U/cmr/m/n on input line 130.
LaTeX Font Info:    ... okay on input line 130.
LaTeX Font Info:    Checking defaults for PD1/pdf/m/n on input line 130.
LaTeX Font Info:    ... okay on input line 130.
LaTeX Info: Redefining \. on input line 130.
LaTeX Info: Redefining \% on input line 130.

("C:\Users\JAVIER PC\AppData\Local\Programs\MiKTeX 2.9\tex/context/base/mkii\su
pp-pdf.mkii"
[Loading MPS to PDF converter (version 2006.09.02).]
\scratchcounter=\count382
\scratchdimen=\dimen345
\scratchbox=\box154
\nofMPsegments=\count383
\nofMParguments=\count384
\everyMPshowfont=\toks62
\MPscratchCnt=\count385
\MPscratchDim=\dimen346
\MPnumerator=\count386
\makeMPintoPDFobject=\count387
\everyMPtoPDFconversion=\toks63
)
("C:\Users\JAVIER PC\AppData\Local\Programs\MiKTeX 2.9\tex/latex/epstopdf-pkg\e
pstopdf-base.sty"
Package: epstopdf-base 2020-01-24 v2.11 Base part for package epstopdf
Package epstopdf-base Info: Redefining graphics rule for `.eps' on input line 4
85.
)
LaTeX Font Info:    Trying to load font information for U+msa on input line 130
.

("C:\Users\JAVIER PC\AppData\Local\Programs\MiKTeX 2.9\tex/latex/amsfonts\umsa.
fd"
File: umsa.fd 2013/01/14 v3.01 AMS symbols A
)
LaTeX Font Info:    Trying to load font information for U+msb on input line 130
.

("C:\Users\JAVIER PC\AppData\Local\Programs\MiKTeX 2.9\tex/latex/amsfonts\umsb.
fd"
File: umsb.fd 2013/01/14 v3.01 AMS symbols B
)
Package xypdf Info: Line width: 0.43799pt on input line 130.
\AtBeginShipoutBox=\box155
Package hyperref Info: Link coloring ON on input line 130.

("C:\Users\JAVIER PC\AppData\Local\Programs\MiKTeX 2.9\tex/latex/hyperref\namer
ef.sty"
Package: nameref 2019/09/16 v2.46 Cross-referencing by name of section

("C:\Users\JAVIER PC\AppData\Local\Programs\MiKTeX 2.9\tex/latex/refcount\refco
unt.sty"
Package: refcount 2019/12/15 v3.6 Data extraction from label references (HO)
)
("C:\Users\JAVIER PC\AppData\Local\Programs\MiKTeX 2.9\tex/generic/gettitlestri
ng\gettitlestring.sty"
Package: gettitlestring 2019/12/15 v1.6 Cleanup title references (HO)
)
\c@section@level=\count388
)
LaTeX Info: Redefining \ref on input line 130.
LaTeX Info: Redefining \pageref on input line 130.
LaTeX Info: Redefining \nameref on input line 130.
 (TPN6.out) (TPN6.out)
\@outlinefile=\write7
\openout7 = `TPN6.out'.

Package caption Info: Begin \AtBeginDocument code.
Package caption Info: listings package is loaded.
Package caption Info: End \AtBeginDocument code.

ABD: EveryShipout initializing macros
\c@lstlisting=\count389
\qlist@sec1=\toks64
\qlist@scr@sec1=\toks65
\qlist@sec2=\toks66
\qlist@scr@sec2=\toks67
\qlist@sec3=\toks68
\qlist@scr@sec3=\toks69
<nena_chipa.png, id=30, 148.30406pt x 174.6525pt>
File: nena_chipa.png Graphic file (type png)
<use nena_chipa.png>
Package pdftex.def Info: nena_chipa.png  used on input line 260.
(pdftex.def)             Requested size: 148.30368pt x 174.65207pt.

Overfull \hbox (7.37576pt too wide) in paragraph at lines 260--260
 [] 
 []

[1

{C:/Users/JAVIER PC/AppData/Local/MiKTeX/2.9/pdftex/config/pdftex.map} <./nena_
chipa.png>] [2]
LaTeX Font Info:    Trying to load font information for T1+cmtt on input line 2
60.

("C:\Users\JAVIER PC\AppData\Local\Programs\MiKTeX 2.9\tex/latex/base\t1cmtt.fd
"
File: t1cmtt.fd 2019/12/16 v2.5j Standard LaTeX font definitions
)
File: nena_chipa.png Graphic file (type png)
<use nena_chipa.png>
Package pdftex.def Info: nena_chipa.png  used on input line 260.
(pdftex.def)             Requested size: 148.30368pt x 174.65207pt.

Overfull \hbox (7.37576pt too wide) in paragraph at lines 260--260
 [] 
 []

pdfTeX warning (ext4): destination with the same identifier (name{page.1}) has 
been already used, duplicate ignored
<to be read again> 
                   \relax 
l.260 \end{document}
                     [1]pdfTeX warning (ext4): destination with the same identi
fier (name{page.2}) has been already used, duplicate ignored
<to be read again> 
                   \relax 
l.260 \end{document}
                     [2]
Package atveryend Info: Empty hook `BeforeClearDocument' on input line 260.
Package atveryend Info: Empty hook `AfterLastShipout' on input line 260.
 (TPN6.aux
LaTeX Info: Redefining \. on input line 24.
LaTeX Info: Redefining \% on input line 24.
)
Package atveryend Info: Executing hook `AtVeryEndDocument' on input line 260.
Package atveryend Info: Executing hook `AtEndAfterFileList' on input line 260.
Package rerunfilecheck Info: File `TPN6.out' has not changed.
(rerunfilecheck)             Checksum: D41D8CD98F00B204E9800998ECF8427E;0.
Package atveryend Info: Empty hook `AtVeryVeryEnd' on input line 260.
 ) 
Here is how much of TeX's memory you used:
 32827 strings out of 480759
 654004 string characters out of 2891865
 1044871 words of memory out of 3000000
 48155 multiletter control sequences out of 15000+200000
 551110 words of font info for 83 fonts, out of 3000000 for 9000
 1141 hyphenation exceptions out of 8191
 60i,8n,83p,3238b,578s stack positions out of 5000i,500n,10000p,200000b,50000s
{C:/Users/JAVIER PC/AppData/Local/Programs/MiKTeX 2.9/fonts/enc/dvips/cm-supe
r/cm-super-t1.enc}<C:/Users/JAVIER PC/AppData/Local/Programs/MiKTeX 2.9/fonts/t
ype1/public/amsfonts/cm/cmex10.pfb><C:/Users/JAVIER PC/AppData/Local/Programs/M
iKTeX 2.9/fonts/type1/public/amsfonts/cm/cmmi10.pfb><C:/Users/JAVIER PC/AppData
/Local/Programs/MiKTeX 2.9/fonts/type1/public/amsfonts/cm/cmr10.pfb><C:/Users/J
AVIER PC/AppData/Local/Programs/MiKTeX 2.9/fonts/type1/public/amsfonts/cm/cmr8.
pfb><C:/Users/JAVIER PC/AppData/Local/Programs/MiKTeX 2.9/fonts/type1/public/am
sfonts/cm/cmsy10.pfb><C:/Users/JAVIER PC/AppData/Local/Programs/MiKTeX 2.9/font
s/type1/public/amsfonts/cm/cmsy8.pfb><C:/Users/JAVIER PC/AppData/Local/Programs
/MiKTeX 2.9/fonts/type1/public/cm-super/sfbi1095.pfb><C:/Users/JAVIER PC/AppDat
a/Local/Programs/MiKTeX 2.9/fonts/type1/public/cm-super/sfbx1095.pfb><C:/Users/
JAVIER PC/AppData/Local/Programs/MiKTeX 2.9/fonts/type1/public/cm-super/sfbx120
0.pfb><C:/Users/JAVIER PC/AppData/Local/Programs/MiKTeX 2.9/fonts/type1/public/
cm-super/sfcc1095.pfb><C:/Users/JAVIER PC/AppData/Local/Programs/MiKTeX 2.9/fon
ts/type1/public/cm-super/sfrm1095.pfb><C:/Users/JAVIER PC/AppData/Local/Program
s/MiKTeX 2.9/fonts/type1/public/cm-super/sfrm1200.pfb><C:/Users/JAVIER PC/AppDa
ta/Local/Programs/MiKTeX 2.9/fonts/type1/public/cm-super/sftc2488.pfb><C:/Users
/JAVIER PC/AppData/Local/Programs/MiKTeX 2.9/fonts/type1/public/cm-super/sfti10
95.pfb><C:/Users/JAVIER PC/AppData/Local/Programs/MiKTeX 2.9/fonts/type1/public
/cm-super/sfti1200.pfb><C:/Users/JAVIER PC/AppData/Local/Programs/MiKTeX 2.9/fo
nts/type1/public/cm-super/sftt2488.pfb>
Output written on TPN6.pdf (4 pages, 285034 bytes).
PDF statistics:
 150 PDF objects out of 1000 (max. 8388607)
 31 named destinations out of 1000 (max. 500000)
 114 words of extra memory for PDF output out of 10000 (max. 10000000)

